  Main.cpp
C:\Users\itzep\OneDrive\Documents\Practica 8\PF POO\VectorRR.h(49,16): warning C4244: 'initializing': conversion from 'double' to 'float', possible loss of data
C:\Users\itzep\OneDrive\Documents\Practica 8\PF POO\VectorRR.h(55,22): warning C4244: '=': conversion from 'double' to 'float', possible loss of data
C:\Users\itzep\OneDrive\Documents\Practica 8\PF POO\VectorRR.h(57,19): warning C4244: '=': conversion from 'double' to 'float', possible loss of data
C:\Users\itzep\OneDrive\Documents\Practica 8\PF POO\VectorRR.h(58,22): warning C4244: '=': conversion from 'double' to 'float', possible loss of data
C:\Users\itzep\OneDrive\Documents\Practica 8\PF POO\VectorRR.h(63,22): warning C4244: '=': conversion from 'double' to 'float', possible loss of data
C:\Users\itzep\OneDrive\Documents\Practica 8\PF POO\VectorRR.h(65,19): warning C4244: '=': conversion from 'double' to 'float', possible loss of data
C:\Users\itzep\OneDrive\Documents\Practica 8\PF POO\VectorRR.h(66,22): warning C4244: '=': conversion from 'double' to 'float', possible loss of data
C:\Users\itzep\OneDrive\Documents\Practica 8\PF POO\VectorRR.h(71,22): warning C4244: '=': conversion from 'double' to 'float', possible loss of data
C:\Users\itzep\OneDrive\Documents\Practica 8\PF POO\VectorRR.h(73,19): warning C4244: '=': conversion from 'double' to 'float', possible loss of data
C:\Users\itzep\OneDrive\Documents\Practica 8\PF POO\VectorRR.h(74,22): warning C4244: '=': conversion from 'double' to 'float', possible loss of data
C:\Users\itzep\OneDrive\Documents\Practica 8\PF POO\VectorRR.h(170,18): warning C4244: 'initializing': conversion from 'double' to 'float', possible loss of data
C:\Users\itzep\OneDrive\Documents\Practica 8\PF POO\VectorRR.h(180,18): warning C4244: 'initializing': conversion from 'double' to 'float', possible loss of data
C:\Users\itzep\OneDrive\Documents\Practica 8\PF POO\Geometrias.h(46,109): warning C4244: '=': conversion from 'double' to 'float', possible loss of data
C:\Users\itzep\OneDrive\Documents\Practica 8\PF POO\Geometrias.h(48,37): warning C4244: '=': conversion from 'double' to 'float', possible loss of data
C:\Users\itzep\OneDrive\Documents\Practica 8\PF POO\Geometrias.h(49,109): warning C4244: '=': conversion from 'double' to 'float', possible loss of data
C:\Users\itzep\OneDrive\Documents\Practica 8\PF POO\Geometrias.h(52,104): warning C4244: '=': conversion from 'double' to 'float', possible loss of data
C:\Users\itzep\OneDrive\Documents\Practica 8\PF POO\Geometrias.h(54,36): warning C4244: '=': conversion from 'double' to 'float', possible loss of data
C:\Users\itzep\OneDrive\Documents\Practica 8\PF POO\Geometrias.h(55,104): warning C4244: '=': conversion from 'double' to 'float', possible loss of data
C:\Users\itzep\OneDrive\Documents\Practica 8\PF POO\Geometrias.h(203,51): warning C4244: '=': conversion from 'double' to 'float', possible loss of data
C:\Users\itzep\OneDrive\Documents\Practica 8\PF POO\Geometrias.h(204,63): warning C4244: '=': conversion from 'double' to 'float', possible loss of data
C:\Users\itzep\OneDrive\Documents\Practica 8\PF POO\Geometrias.h(205,51): warning C4244: '=': conversion from 'double' to 'float', possible loss of data
C:\Users\itzep\OneDrive\Documents\Practica 8\PF POO\Imagenes.h(61,27): warning C4101: 'e': unreferenced local variable
C:\Users\itzep\OneDrive\Documents\Practica 8\PF POO\Imagenes.h(80,28): warning C4101: 'e': unreferenced local variable
C:\Users\itzep\OneDrive\Documents\Practica 8\PF POO\SkyDome.h(58,7): warning C4101: 'indice': unreferenced local variable
C:\Users\itzep\OneDrive\Documents\Practica 8\PF POO\Terrain.h(73,7): warning C4101: 'indice': unreferenced local variable
C:\Users\itzep\OneDrive\Documents\Practica 8\PF POO\Water.h(72,1): warning C4305: '+=': truncation from 'double' to 'float'
C:\Users\itzep\OneDrive\Documents\Practica 8\PF POO\Water.h(73,25): warning C4244: 'initializing': conversion from 'double' to 'float', possible loss of data
C:\Users\itzep\OneDrive\Documents\Practica 8\PF POO\Billboard.h(65,36): warning C4244: 'argument': conversion from 'GLdouble' to 'float', possible loss of data
C:\Users\itzep\OneDrive\Documents\Practica 8\PF POO\Billboard.h(65,30): warning C4244: 'argument': conversion from 'GLdouble' to 'float', possible loss of data
C:\Users\itzep\OneDrive\Documents\Practica 8\PF POO\Billboard.h(65,24): warning C4244: 'argument': conversion from 'GLdouble' to 'float', possible loss of data
C:\Users\itzep\OneDrive\Documents\Practica 8\PF POO\Billboard.h(68,21): warning C4244: '*=': conversion from 'double' to 'float', possible loss of data
C:\Users\itzep\OneDrive\Documents\Practica 8\PF POO\Billboard.h(69,21): warning C4244: '*=': conversion from 'double' to 'float', possible loss of data
C:\Users\itzep\OneDrive\Documents\Practica 8\PF POO\Fog.h(10,44): warning C4305: 'initializing': truncation from 'double' to 'GLfloat'
C:\Users\itzep\OneDrive\Documents\Practica 8\PF POO\Camera.h(43,24): warning C4244: '=': conversion from 'double' to 'float', possible loss of data
C:\Users\itzep\OneDrive\Documents\Practica 8\PF POO\Camera.h(70,29): warning C4244: '=': conversion from 'double' to 'float', possible loss of data
C:\Users\itzep\OneDrive\Documents\Practica 8\PF POO\Camera.h(71,29): warning C4244: '=': conversion from 'double' to 'float', possible loss of data
C:\Users\itzep\OneDrive\Documents\Practica 8\PF POO\Camera.h(76,11): warning C4244: '=': conversion from 'double' to 'float', possible loss of data
C:\Users\itzep\OneDrive\Documents\Practica 8\PF POO\Camera.h(79,49): warning C4244: '=': conversion from 'double' to 'float', possible loss of data
C:\Users\itzep\OneDrive\Documents\Practica 8\PF POO\Camera.h(82,49): warning C4244: '=': conversion from 'double' to 'float', possible loss of data
C:\Users\itzep\OneDrive\Documents\Practica 8\PF POO\Camera.h(85,49): warning C4244: '=': conversion from 'double' to 'float', possible loss of data
C:\Users\itzep\OneDrive\Documents\Practica 8\PF POO\Camera.h(100,19): warning C4244: '=': conversion from 'double' to 'float', possible loss of data
C:\Users\itzep\OneDrive\Documents\Practica 8\PF POO\Camera.h(107,19): warning C4244: '=': conversion from 'double' to 'float', possible loss of data
C:\Users\itzep\OneDrive\Documents\Practica 8\PF POO\Scene.h(86,1): warning C4305: 'initializing': truncation from 'double' to 'float'
C:\Users\itzep\OneDrive\Documents\Practica 8\PF POO\Scene.h(90,55): warning C4244: 'argument': conversion from 'double' to 'float', possible loss of data
C:\Users\itzep\OneDrive\Documents\Practica 8\PF POO\Scene.h(90,44): warning C4244: 'argument': conversion from 'double' to 'float', possible loss of data
C:\Users\itzep\OneDrive\Documents\Practica 8\PF POO\Scene.h(104,1): warning C4305: '=': truncation from 'double' to 'GLfloat'
C:\Users\itzep\OneDrive\Documents\Practica 8\PF POO\Main.cpp(126,13): warning C4244: 'argument': conversion from 'time_t' to 'unsigned int', possible loss of data
  PF POO.vcxproj -> C:\Users\itzep\OneDrive\Documents\Practica 8\Debug\PF POO.exe
