c:\users\itzep\onedrive\documents\pia_poo 3\pf poo\debug\vc143.pdb
c:\users\itzep\onedrive\documents\pia_poo 3\pf poo\debug\vc143.idb
c:\users\itzep\onedrive\documents\pia_poo 3\pf poo\debug\veggiescamp.obj
c:\users\itzep\onedrive\documents\pia_poo 3\pf poo\debug\veggies.obj
c:\users\itzep\onedrive\documents\pia_poo 3\pf poo\debug\railing.obj
c:\users\itzep\onedrive\documents\pia_poo 3\pf poo\debug\player.obj
c:\users\itzep\onedrive\documents\pia_poo 3\pf poo\debug\modelwcolision.obj
c:\users\itzep\onedrive\documents\pia_poo 3\pf poo\debug\colision.obj
c:\users\itzep\onedrive\documents\pia_poo 3\pf poo\debug\model.obj
c:\users\itzep\onedrive\documents\pia_poo 3\pf poo\debug\main.obj
c:\users\itzep\onedrive\documents\pia_poo 3\pf poo\debug\items.obj
c:\users\itzep\onedrive\documents\pia_poo 3\pf poo\debug\glm.obj
c:\users\itzep\onedrive\documents\pia_poo 3\pf poo\debug\frames.obj
c:\users\itzep\onedrive\documents\pia_poo 3\pf poo\debug\duck.obj
c:\users\itzep\onedrive\documents\pia_poo 3\pf poo\debug\bunny.obj
c:\users\itzep\onedrive\documents\pia_poo 3\pf poo\debug\bmploader.obj
c:\users\itzep\onedrive\documents\pia_poo 3\pf poo\debug\barn.obj
c:\users\itzep\onedrive\documents\pia_poo 3\pf poo\debug\animations.obj
c:\users\itzep\onedrive\documents\pia_poo 3\debug\pf poo.exe
c:\users\itzep\onedrive\documents\pia_poo 3\pf poo\debug\pf poo.ilk
c:\users\itzep\onedrive\documents\pia_poo 3\debug\pf poo.pdb
c:\users\itzep\onedrive\documents\pia_poo 3\pf poo\debug\pf poo.res
c:\users\itzep\onedrive\documents\pia_poo 3\pf poo\debug\pf poo.tlog\cl.command.1.tlog
c:\users\itzep\onedrive\documents\pia_poo 3\pf poo\debug\pf poo.tlog\cl.read.1.tlog
c:\users\itzep\onedrive\documents\pia_poo 3\pf poo\debug\pf poo.tlog\cl.write.1.tlog
c:\users\itzep\onedrive\documents\pia_poo 3\pf poo\debug\pf poo.tlog\link.command.1.tlog
c:\users\itzep\onedrive\documents\pia_poo 3\pf poo\debug\pf poo.tlog\link.read.1.tlog
c:\users\itzep\onedrive\documents\pia_poo 3\pf poo\debug\pf poo.tlog\link.write.1.tlog
c:\users\itzep\onedrive\documents\pia_poo 3\pf poo\debug\pf poo.tlog\rc.command.1.tlog
c:\users\itzep\onedrive\documents\pia_poo 3\pf poo\debug\pf poo.tlog\rc.read.1.tlog
c:\users\itzep\onedrive\documents\pia_poo 3\pf poo\debug\pf poo.tlog\rc.write.1.tlog
